{
  "RSpec": {
    "coverage": {
      "/Users/ilja/Projects/Bookmark/Bookmarks/app.rb": {
        "lines": [
          1,
          null,
          1,
          1,
          1,
          null,
          null
        ]
      },
      "/Users/ilja/Projects/Bookmark/Bookmarks/spec/bookmark_spec.rb": {
        "lines": [
          null
        ]
      },
      "/Users/ilja/Projects/Bookmark/Bookmarks/spec/features/bookmark2_spec.rb": {
        "lines": [
          1,
          1,
          1,
          1,
          null,
          null
        ]
      }
    },
    "timestamp": 1595858452
  }
}
