{
  "RSpec": {
    "coverage": {
      "/Users/Paul/Projects/Bookmarks/app.rb": {
        "lines": [
          1,
          null,
          1,
          1,
          1,
          null,
          null,
          1,
          1,
          1,
          null,
          null,
          null
        ]
      },
      "/Users/Paul/Projects/Bookmarks/spec/bookmark_spec.rb": {
        "lines": [
          1,
          null,
          1,
          null,
          1,
          1,
          1,
          1,
          null,
          null,
          null
        ]
      },
      "/Users/Paul/Projects/Bookmarks/lib/bookmark.rb": {
        "lines": [
          1,
          null,
          1,
          null,
          2,
          null,
          null,
          null,
          null,
          null,
          null
        ]
      },
      "/Users/Paul/Projects/Bookmarks/spec/features/bookmark2_spec.rb": {
        "lines": [
          1,
          1,
          1,
          1,
          null,
          null
        ]
      },
      "/Users/Paul/Projects/Bookmarks/spec/features/view_bookmarks_spec.rb": {
        "lines": [
          1,
          1,
          1,
          1,
          null,
          null
        ]
      }
    },
    "timestamp": 1595860702
  }
}
